<?xml version="1.0" encoding="utf-8"?><testsuites><testsuite name="pytest" errors="0" failures="0" skipped="0" tests="36" time="2.399" timestamp="2024-02-26T15:38:37.338304" hostname="P5QJXLP4XK"><testcase classname="app.tests.unit.test_amex.TestAmex" name="test_process_auth_transaction_success" time="0.035" /><testcase classname="app.tests.unit.test_gunicorn_logging" name="test_log_filtering[GET /livez HTTP/1.1-False]" time="0.001" /><testcase classname="app.tests.unit.test_gunicorn_logging" name="test_log_filtering[GET /metrics HTTP/1.1-False]" time="0.000" /><testcase classname="app.tests.unit.test_gunicorn_logging" name="test_log_filtering[POST /auth_transactions/visa HTTP/1.1-True]" time="0.000" /><testcase classname="app.tests.unit.test_healthchecks.TestHealthchecks" name="test_healthz" time="0.017" /><testcase classname="app.tests.unit.test_healthchecks.TestHealthchecks" name="test_livez" time="0.017" /><testcase classname="app.tests.unit.test_healthchecks.TestHealthchecks" name="test_metrics" time="0.016" /><testcase classname="app.tests.unit.test_healthchecks.TestHealthchecks" name="test_readyz_queue_down" time="0.017" /><testcase classname="app.tests.unit.test_healthchecks.TestHealthchecks" name="test_readyz_queue_up" time="0.018" /><testcase classname="app.tests.unit.test_jwt_auth.TestJwtAuth" name="test_auth_decorator_fails_expired_signature" time="0.018" /><testcase classname="app.tests.unit.test_jwt_auth.TestJwtAuth" name="test_auth_decorator_fails_invalid_signature" time="0.018" /><testcase classname="app.tests.unit.test_jwt_auth.TestJwtAuth" name="test_auth_decorator_fails_missing_header" time="0.018" /><testcase classname="app.tests.unit.test_jwt_auth.TestJwtAuth" name="test_auth_decorator_fails_wrong_format" time="0.017" /><testcase classname="app.tests.unit.test_jwt_auth.TestJwtAuth" name="test_auth_decorator_fails_wrong_prefix" time="0.016" /><testcase classname="app.tests.unit.test_jwt_auth.TestJwtAuth" name="test_auth_decorator_success" time="0.019" /><testcase classname="app.tests.unit.test_jwt_auth.TestJwtAuth" name="test_auth_endpoint_fails_missing_params" time="0.018" /><testcase classname="app.tests.unit.test_jwt_auth.TestJwtAuth" name="test_auth_endpoint_success" time="0.142" /><testcase classname="app.tests.unit.test_jwt_auth.TestJwtAuth" name="test_generate_jwt" time="0.026" /><testcase classname="app.tests.unit.test_jwt_auth.TestJwtAuth" name="test_generate_jwt_error" time="0.024" /><testcase classname="app.tests.unit.test_jwt_auth.TestJwtAuth" name="test_load_secrets" time="0.029" /><testcase classname="app.tests.unit.test_jwt_auth.TestJwtAuth" name="test_validate_credentials_blank_client_id" time="0.017" /><testcase classname="app.tests.unit.test_jwt_auth.TestJwtAuth" name="test_validate_credentials_client_id_None" time="0.017" /><testcase classname="app.tests.unit.test_jwt_auth.TestJwtAuth" name="test_validate_credentials_client_id_not_matching" time="0.016" /><testcase classname="app.tests.unit.test_jwt_auth.TestJwtAuth" name="test_validate_credentials_success" time="0.016" /><testcase classname="app.tests.unit.test_mastercard.MasterCardAuthTestCases" name="test_get_valid_signed_data_elements" time="0.103" /><testcase classname="app.tests.unit.test_mastercard.MasterCardAuthTestCases" name="test_invalid_transaction_response_no_amount_in_xml" time="0.251" /><testcase classname="app.tests.unit.test_mastercard.MasterCardAuthTestCases" name="test_invalid_transaction_response_to_wrong_cert" time="0.219" /><testcase classname="app.tests.unit.test_mastercard.MasterCardAuthTestCases" name="test_tampered_message" time="0.292" /><testcase classname="app.tests.unit.test_mastercard.MasterCardAuthTestCases" name="test_valid_transaction_response" time="0.031" /><testcase classname="app.tests.unit.test_mastercard.MasterCardAuthTestCases" name="test_xml_mastercard_processing" time="0.019" /><testcase classname="app.tests.unit.test_mastercard.MasterCardAuthTestCases" name="test_xml_mastercard_processing_alt_data1" time="0.019" /><testcase classname="app.tests.unit.test_mastercard.MasterCardAuthTestCases" name="test_xml_mastercard_processing_tampered_message" time="0.024" /><testcase classname="app.tests.unit.test_mastercard.MasterCardAuthTestCases" name="test_xml_mastercard_processing_wrong_certificate" time="0.163" /><testcase classname="app.tests.unit.test_visa.TestVisa" name="test_no_payload_request" time="0.019" /><testcase classname="app.tests.unit.test_visa.TestVisa" name="test_return_transaction" time="0.018" /><testcase classname="app.tests.unit.test_visa.TestVisa" name="test_successful_call" time="0.018" /></testsuite></testsuites>